<?xml version="1.0" encoding="UTF-8"?>
<!-- Generated by org.testng.reporters.JUnitReportReporter -->
<testsuite skipped="0" hostname="DESKTOP-OHP4P4S" name="FileUtilityTest.CreateOrgWithIndustryTest" tests="1" failures="0" timestamp="2022-01-03T12:10:45 IST" time="15.686" errors="0">
  <testcase name="createOrgwithIndustry" time="15.686" classname="FileUtilityTest.CreateOrgWithIndustryTest"/>
  <system-out/>
</testsuite> <!-- FileUtilityTest.CreateOrgWithIndustryTest -->
