<?xml version="1.0" encoding="UTF-8"?>
<!-- Generated by org.testng.reporters.JUnitReportReporter -->
<testsuite hostname="DESKTOP-OHP4P4S" failures="0" tests="1" name="FileUtilityTest.CreateOrgWithIndustry" time="24.171" errors="0" timestamp="2021-11-30T18:20:48 IST" skipped="0">
  <testcase classname="FileUtilityTest.CreateOrgWithIndustry" name="createOrgwithIndustry" time="24.171"/>
  <system-out/>
</testsuite> <!-- FileUtilityTest.CreateOrgWithIndustry -->
