<?xml version="1.0" encoding="UTF-8"?>
<!-- Generated by org.testng.reporters.JUnitReportReporter -->
<testsuite skipped="0" hostname="DESKTOP-OHP4P4S" name="FileUtilityTest.PCreateWithIndTest" tests="1" failures="0" timestamp="2021-12-29T11:58:27 IST" time="25.447" errors="0">
  <testcase name="createOrgwithIndustryTest" time="25.447" classname="FileUtilityTest.PCreateWithIndTest"/>
  <system-out/>
</testsuite> <!-- FileUtilityTest.PCreateWithIndTest -->
