<?xml version="1.0" encoding="UTF-8"?>
<!-- Generated by org.testng.reporters.JUnitReportReporter -->
<testsuite skipped="0" hostname="DESKTOP-OHP4P4S" name="FileUtilityTest.LeadTest" tests="1" failures="0" timestamp="2022-01-05T15:30:21 IST" time="15.383" errors="0">
  <testcase name="createLeads" time="15.383" classname="FileUtilityTest.LeadTest"/>
  <system-out/>
</testsuite> <!-- FileUtilityTest.LeadTest -->
