<?xml version="1.0" encoding="UTF-8"?>
<!-- Generated by org.testng.reporters.JUnitReportReporter -->
<testsuite hostname="DESKTOP-OHP4P4S" failures="0" tests="1" name="base.BaseClass" time="22.125" errors="0" timestamp="2021-11-29T17:31:32 IST" skipped="0">
  <testcase classname="base.BaseClass" name="createOrg" time="22.125"/>
  <system-out/>
</testsuite> <!-- base.BaseClass -->
