<?xml version="1.0" encoding="UTF-8"?>
<!-- Generated by org.testng.reporters.JUnitReportReporter -->
<testsuite skipped="0" hostname="DESKTOP-OHP4P4S" name="FileUtilityTest.PCreateLeadsTest" tests="1" failures="0" timestamp="2022-01-03T12:28:43 IST" time="10.462" errors="0">
  <testcase name="createLeads" time="10.462" classname="FileUtilityTest.PCreateLeadsTest"/>
  <system-out/>
</testsuite> <!-- FileUtilityTest.PCreateLeadsTest -->
