<?xml version="1.0" encoding="UTF-8"?>
<!-- Generated by org.testng.reporters.JUnitReportReporter -->
<testsuite hostname="DESKTOP-OHP4P4S" failures="0" tests="1" name="FileUtility.BaseClassUtility" time="24.258" errors="0" timestamp="2021-11-29T17:16:21 IST" skipped="0">
  <testcase classname="FileUtility.BaseClassUtility" name="openOrg" time="24.258"/>
  <system-out/>
</testsuite> <!-- FileUtility.BaseClassUtility -->
