<?xml version="1.0" encoding="UTF-8"?>
<!-- Generated by org.testng.reporters.JUnitReportReporter -->
<testsuite skipped="0" hostname="DESKTOP-OHP4P4S" name="FileUtilityTest.CreateOrgTest" tests="1" failures="0" timestamp="2022-01-03T12:09:33 IST" time="8.035" errors="0">
  <testcase name="createOrg" time="8.035" classname="FileUtilityTest.CreateOrgTest"/>
  <system-out/>
</testsuite> <!-- FileUtilityTest.CreateOrgTest -->
