<?xml version="1.0" encoding="UTF-8"?>
<!-- Generated by org.testng.reporters.JUnitReportReporter -->
<testsuite skipped="0" hostname="DESKTOP-OHP4P4S" name="FileUtilityTest.OrgTest" tests="1" failures="0" timestamp="2022-01-03T17:27:25 IST" time="10.755" errors="0">
  <testcase name="createOrg" time="10.755" classname="FileUtilityTest.OrgTest"/>
  <system-out/>
</testsuite> <!-- FileUtilityTest.OrgTest -->
