<?xml version="1.0" encoding="UTF-8"?>
<!-- Generated by org.testng.reporters.JUnitReportReporter -->
<testsuite hostname="DESKTOP-OHP4P4S" failures="0" tests="1" name="base1.base_class" time="28.578" errors="0" timestamp="2021-11-29T15:54:06 IST" skipped="0">
  <testcase classname="base1.base_class" name="createOrg" time="28.578"/>
  <system-out/>
</testsuite> <!-- base1.base_class -->
