<?xml version="1.0" encoding="UTF-8"?>
<!-- Generated by org.testng.reporters.JUnitReportReporter -->
<testsuite hostname="DESKTOP-OHP4P4S" failures="0" tests="1" name="FileUtility.DBUtility" time="0.196" errors="0" timestamp="2021-11-29T15:32:23 IST" skipped="0">
  <testcase classname="FileUtility.DBUtility" name="execute" time="0.196"/>
  <system-out/>
</testsuite> <!-- FileUtility.DBUtility -->
