<?xml version="1.0" encoding="UTF-8"?>
<!-- Generated by org.testng.reporters.JUnitReportReporter -->
<testsuite hostname="DESKTOP-OHP4P4S" failures="0" tests="1" name="FileUtility.WriteExecelData" time="21.851" errors="0" timestamp="2021-11-28T19:35:16 IST" skipped="0">
  <testcase classname="FileUtility.WriteExecelData" name="excelData" time="21.851"/>
  <system-out/>
</testsuite> <!-- FileUtility.WriteExecelData -->
