<?xml version="1.0" encoding="UTF-8"?>
<!-- Generated by org.testng.reporters.JUnitReportReporter -->
<testsuite hostname="DESKTOP-OHP4P4S" failures="0" tests="1" name="FileUtility.ExcelFileUtility" time="1.166" errors="0" timestamp="2021-11-29T17:39:36 IST" skipped="0">
  <testcase classname="FileUtility.ExcelFileUtility" name="createBook" time="1.166"/>
  <system-out/>
</testsuite> <!-- FileUtility.ExcelFileUtility -->
