<?xml version="1.0" encoding="UTF-8"?>
<!-- Generated by org.testng.reporters.JUnitReportReporter -->
<testsuite hostname="DESKTOP-OHP4P4S" failures="0" tests="1" name="com.crm.vtiger.genericJavaUtilities.JavaUtilities" time="0.082" errors="0" timestamp="2021-11-26T11:09:13 IST" skipped="0">
  <testcase classname="com.crm.vtiger.genericJavaUtilities.JavaUtilities" name="getSystemDate" time="0.082"/>
  <system-out/>
</testsuite> <!-- com.crm.vtiger.genericJavaUtilities.JavaUtilities -->
