<?xml version="1.0" encoding="UTF-8"?>
<!-- Generated by org.testng.reporters.JUnitReportReporter -->
<testsuite hostname="DESKTOP-OHP4P4S" failures="0" tests="1" name="FileUtilityTest.LeadsTest" time="12.229" errors="0" timestamp="2021-12-16T11:13:12 IST" skipped="0">
  <testcase classname="FileUtilityTest.LeadsTest" name="createOrg" time="12.229"/>
  <system-out/>
</testsuite> <!-- FileUtilityTest.LeadsTest -->
