<?xml version="1.0" encoding="UTF-8"?>
<!-- Generated by org.testng.reporters.JUnitReportReporter -->
<testsuite hostname="DESKTOP-OHP4P4S" failures="0" tests="1" name="FileUtility.WriteExcelData" time="17.705" errors="0" timestamp="2021-11-29T11:01:49 IST" skipped="0">
  <testcase classname="FileUtility.WriteExcelData" name="excelData" time="17.705"/>
  <system-out/>
</testsuite> <!-- FileUtility.WriteExcelData -->
