<?xml version="1.0" encoding="UTF-8"?>
<!-- Generated by org.testng.reporters.JUnitReportReporter -->
<testsuite skipped="0" hostname="DESKTOP-OHP4P4S" name="FileUtilityTest.PCreateWithInd_Test" tests="1" failures="0" timestamp="2022-01-03T12:31:03 IST" time="18.086" errors="0">
  <testcase name="createOrgwithIndustryTest" time="18.086" classname="FileUtilityTest.PCreateWithInd_Test"/>
  <system-out/>
</testsuite> <!-- FileUtilityTest.PCreateWithInd_Test -->
